<?xml version="1.0" encoding="UTF-8"?>
<!-- Generated by org.testng.reporters.JUnitReportReporter -->
<testsuite hostname="DEVARAs" failures="0" tests="5" name="GitHubMaven.Countries1" time="0.005" errors="0" timestamp="2023-09-17T14:53:43 EDT" skipped="0">
  <testcase classname="GitHubMaven.Countries1" name="pu" time="0.002"/>
  <testcase classname="GitHubMaven.Countries1" name="ap" time="0.000"/>
  <testcase classname="GitHubMaven.Countries1" name="bi" time="0.001"/>
  <testcase classname="GitHubMaven.Countries1" name="gu" time="0.001"/>
  <testcase classname="GitHubMaven.Countries1" name="te" time="0.001"/>
</testsuite> <!-- GitHubMaven.Countries1 -->
