<?xml version="1.0" encoding="UTF-8"?>
<!-- Generated by org.testng.reporters.JUnitReportReporter -->
<testsuite hostname="DEVARAs" failures="0" tests="5" name="GitHubMaven.Countries2" time="0.025" errors="0" timestamp="2023-09-17T14:53:43 EDT" skipped="0">
  <testcase classname="GitHubMaven.Countries2" name="mh" time="0.003"/>
  <testcase classname="GitHubMaven.Countries2" name="wb" time="0.002"/>
  <testcase classname="GitHubMaven.Countries2" name="jk" time="0.016"/>
  <testcase classname="GitHubMaven.Countries2" name="ka" time="0.002"/>
  <testcase classname="GitHubMaven.Countries2" name="ke" time="0.002"/>
</testsuite> <!-- GitHubMaven.Countries2 -->
